Arguments: 
  /usr/local/bin/node /usr/local/bin/yarn init

PATH: 
  /home/lily/.asdf/shims:/home/lily/.asdf/bin:/home/lily/.cargo/bin:/home/lily/.cargo/bin:/home/lily/.local/bin:/usr/local/sbin:/usr/local/bin:/usr/sbin:/usr/bin:/sbin:/bin:/usr/games:/usr/local/games:/snap/bin" :/snap/bin:/home/lily/.dotnet/tools:/usr/lib/cuda/bin:/home/lily/summerysaturn/lyla-dotfiles/scripts

Yarn version: 
  1.22.10

Node version: 
  14.15.0

Platform: 
  linux x64

Trace: 
  Error: canceled
      at Interface.<anonymous> (/usr/local/lib/node_modules/yarn/lib/cli.js:136216:13)
      at Interface.emit (events.js:315:20)
      at Interface._ttyWrite (readline.js:875:16)
      at ReadStream.onkeypress (readline.js:213:10)
      at ReadStream.emit (events.js:315:20)
      at emitKeys (internal/readline/utils.js:345:14)
      at emitKeys.next (<anonymous>)
      at ReadStream.onData (readline.js:1144:36)
      at ReadStream.emit (events.js:315:20)
      at addChunk (_stream_readable.js:309:12)

npm manifest: 
  {
    "name": "5e-strife",
    "version": "1.0.0",
    "repository": "https://github.com/summerysaturn/5e-strife",
    "author": "lily <48696244+summerysaturn@users.noreply.github.com>",
    "license": "MIT",
    "scripts": {
      "build": "rollup -c",
      "dev": "rollup -c -w",
      "start": "sirv public"
    },
    "devDependencies": {
      "@rollup/plugin-commonjs": "^16.0.0",
      "@rollup/plugin-node-resolve": "^10.0.0",
      "rollup": "^2.3.4",
      "rollup-plugin-css-only": "^3.1.0",
      "rollup-plugin-livereload": "^2.0.0",
      "rollup-plugin-svelte": "^7.0.0",
      "rollup-plugin-terser": "^7.0.0",
      "svelte": "^3.0.0"
    },
    "dependencies": {
      "sirv-cli": "^1.0.0"
    }
  }

yarn manifest: 
  No manifest

Lockfile: 
  # THIS IS AN AUTOGENERATED FILE. DO NOT EDIT THIS FILE DIRECTLY.
  # yarn lockfile v1
  
  
  svelte@^3.31.2:
    version "3.31.2"
    resolved "https://registry.yarnpkg.com/svelte/-/svelte-3.31.2.tgz#d2ddf6cacbb95e4cc3796207510b660a25586324"
    integrity sha512-TxZGrXzX2ggFH3BIKY5fmbeMdJuZrMIMDYPMX6R9255bueuYIuVaBQSLUeY2oD7W4IdeqRZiAVGCjDw2POKBRA==
